[INFO] 2021-01-01 00:01:15 Dumping configuration to file: /config.json
[INFO] 2021-01-01 00:01:15 Configuration dumped
[INFO] 2021-01-01 00:01:15 Checking if necessary source and library files exist
[INFO] 2021-01-01 00:01:15 All necessary source and library files found
[INFO] 2021-01-01 00:01:15 Setting up RTC
[DEBUG] 2021-01-01 00:01:15 Defining I2C for RTC
[DEBUG] 2021-01-01 00:01:15 Scanning I2C for RTC
[DEBUG] 2021-01-01 00:01:16 RTC found at address: 80
[INFO] 2021-01-01 00:01:16 RTC setup complete
[INFO] 2021-01-01 00:01:16 Updating RTC time
[INFO] 2021-01-01 00:01:16 RTC time updated to: (2024, 7, 16, 23, 34, 0, 1, None)
[INFO] 2021-01-01 00:01:16 Updating machine time
[INFO] 2024-07-16 23:34:01 Machine time updated to: (2024, 7, 16, 1, 23, 34, 1, 0)
[INFO] 2024-07-16 23:34:01 Mounting SD Card
[DEBUG] 2024-07-16 23:34:01 Defining SPI for SD Card
[DEBUG] 2024-07-16 23:34:01 Accessing SD Card via library
[DEBUG] 2024-07-16 23:34:01 Mounting SD Card as FAT
[DEBUG] 2024-07-16 23:34:01 SD Card mounted
[INFO] 2024-07-16 23:34:02 SD Card mounted
[INFO] 2024-07-16 23:34:02 Creating necessary output directories
[INFO] 2024-07-16 23:34:02 Creating directory: /sd/.cache
[INFO] 2024-07-16 23:34:02 Creating directory: /sd/records
[INFO] 2024-07-16 23:34:02 Creating directory: /sd/data
[INFO] 2024-07-16 23:34:03 Creating directory: /sd/.config
[INFO] 2024-07-16 23:34:03 All necessary output directories created
[INFO] 2024-07-16 23:34:03 Creating necessary output files
[INFO] 2024-07-16 23:34:04 All necessary output files created
[INFO] 2024-07-16 23:34:04 Copying configuration file to SD Card
[INFO] 2024-07-16 23:34:04 Setup complete!
[DEBUG] 2021-01-01 00:00:02 SD Card mounted
[INFO] 2021-01-01 00:00:02 SD Card mounted
[DEBUG] 2021-01-01 00:00:02 SD Card mounted
[INFO] 2021-01-01 00:00:02 SD Card mounted
[DEBUG] 2021-01-01 00:00:02 SD Card mounted
[INFO] 2021-01-01 00:00:02 SD Card mounted
[DEBUG] 2021-01-01 00:00:02 SD Card mounted
[INFO] 2021-01-01 00:00:02 SD Card mounted
[DEBUG] 2021-01-01 00:00:02 SD Card mounted
[INFO] 2021-01-01 00:00:02 SD Card mounted
[DEBUG] 2021-01-01 00:00:02 SD Card mounted
[INFO] 2021-01-01 00:00:02 SD Card mounted
[DEBUG] 2021-01-01 00:00:02 SD Card mounted
[INFO] 2021-01-01 00:00:02 SD Card mounted
