[INFO] 2021-01-01 00:02:18 Dumping configuration to file: /config.json
[INFO] 2021-01-01 00:02:19 Configuration dumped
[INFO] 2021-01-01 00:02:19 Checking if necessary source and library files exist
[INFO] 2021-01-01 00:02:19 All necessary source and library files found
[INFO] 2021-01-01 00:02:19 Setting up RTC
[DEBUG] 2021-01-01 00:02:19 Defining I2C for RTC
[DEBUG] 2021-01-01 00:02:19 Scanning I2C for RTC
[DEBUG] 2021-01-01 00:02:19 RTC found at address: 80
[INFO] 2021-01-01 00:02:20 RTC setup complete
[INFO] 2021-01-01 00:02:20 Updating RTC time
[INFO] 2021-01-01 00:02:20 RTC time updated to: (2024, 7, 17, 3, 3, 0, 1, None)
[INFO] 2021-01-01 00:02:20 Updating machine time
[INFO] 2024-07-17 03:03:01 Machine time updated to: (2024, 7, 17, 2, 3, 3, 1, 0)
[INFO] 2024-07-17 03:03:01 Mounting SD Card
[DEBUG] 2024-07-17 03:03:01 Defining SPI for SD Card
[DEBUG] 2024-07-17 03:03:01 Accessing SD Card via library
[DEBUG] 2024-07-17 03:03:01 Mounting SD Card as FAT
[DEBUG] 2024-07-17 03:03:01 SD Card mounted
[INFO] 2024-07-17 03:03:02 SD Card mounted
[INFO] 2024-07-17 03:03:02 Creating necessary output directories
[INFO] 2024-07-17 03:03:02 Creating directory: /sd/.cache
[INFO] 2024-07-17 03:03:02 Creating directory: /sd/records
[INFO] 2024-07-17 03:03:02 Creating directory: /sd/data
[INFO] 2024-07-17 03:03:03 Creating directory: /sd/.config
[INFO] 2024-07-17 03:03:03 All necessary output directories created
[INFO] 2024-07-17 03:03:03 Creating necessary output files
[INFO] 2024-07-17 03:03:04 All necessary output files created
[INFO] 2024-07-17 03:03:04 Copying configuration file to SD Card
[INFO] 2024-07-17 03:03:04 Setup complete!
[DEBUG] 2021-01-01 00:00:02 SD Card mounted
[INFO] 2021-01-01 00:00:02 SD Card mounted
[DEBUG] 2021-01-01 00:00:02 SD Card mounted
[INFO] 2021-01-01 00:00:02 SD Card mounted
[DEBUG] 2021-01-01 00:00:02 SD Card mounted
[INFO] 2021-01-01 00:00:02 SD Card mounted
[DEBUG] 2021-01-01 00:00:02 SD Card mounted
[INFO] 2021-01-01 00:00:02 SD Card mounted
[DEBUG] 2021-01-01 00:00:02 SD Card mounted
[INFO] 2021-01-01 00:00:02 SD Card mounted
